[INFO] output of locale.getdefaultlocale(): ('en_CA', 'UTF-8')
[INFO] encoding we chose in the end: UTF-8
[INFO] Running command /usr/local/Cellar/infer/0.17.0/lib/infer/infer/bin/../lib/python/infer.py -j 8 --project-root /Users/kuba/School/CANOSP/reviewbot-testing-android --out /Users/kuba/School/CANOSP/reviewbot-testing-android/infer-out -- gradle build
[INFO] Path to infer script /usr/local/Cellar/infer/0.17.0/lib/infer/infer/bin/../lib/python/infer.py (/usr/local/Cellar/infer/0.17.0/lib/infer/infer/lib/python/infer.py)
[INFO] Platform: Darwin-19.6.0-x86_64-i386-64bit
[INFO] PATH=/Users/kuba/School/CANOSP/envs/reviewboard-4.0/bin:/usr/local/bin:/usr/bin:/bin:/usr/sbin:/sbin:/opt/X11/bin:/usr/local/sbin
[INFO] SHELL=/bin/zsh
[INFO] PWD=/Users/kuba/School/CANOSP/reviewbot-testing-android
[INFO] Running with:

------------------------------------------------------------
Gradle 6.6.1
------------------------------------------------------------

Build time:   2020-08-25 16:29:12 UTC
Revision:     f2d1fb54a951d8b11d25748e4711bec8d128d7e3

Kotlin:       1.3.72
Groovy:       2.5.12
Ant:          Apache Ant(TM) version 1.10.8 compiled on May 10 2020
JVM:          14.0.1 (Oracle Corporation 14.0.1+14)
OS:           Mac OS X 10.15.7 x86_64


[INFO] Capture phase was successful
